<?xml version="1.0" encoding="UTF-8"?>
<testsuite name="com.facu.restfake.Parcial1MayaTests" tests="1" skipped="0" failures="0" errors="0" timestamp="2023-10-11T20:59:25" hostname="CAYDE-6" time="0.514">
  <properties/>
  <testcase name="contextLoads()" classname="com.facu.restfake.Parcial1MayaTests" time="0.514"/>
  <system-out><![CDATA[17:59:21.460 [Test worker] INFO org.springframework.test.context.support.AnnotationConfigContextLoaderUtils -- Could not detect default configuration classes for test class [com.facu.restfake.Parcial1MayaTests]: Parcial1MayaTests does not declare any static, non-private, non-final, nested classes annotated with @Configuration.
17:59:21.547 [Test worker] INFO org.springframework.boot.test.context.SpringBootTestContextBootstrapper -- Found @SpringBootConfiguration com.facu.restfake.Parcial1_Maya for test class com.facu.restfake.Parcial1MayaTests

  .   ____          _            __ _ _
 /\\ / ___'_ __ _ _(_)_ __  __ _ \ \ \ \
( ( )\___ | '_ | '_| | '_ \/ _` | \ \ \ \
 \\/  ___)| |_)| | | | | || (_| |  ) ) ) )
  '  |____| .__|_| |_|_| |_\__, | / / / /
 =========|_|==============|___/=/_/_/_/
 :: Spring Boot ::                (v3.1.3)

2023-10-11T17:59:21.905-03:00  INFO 9844 --- [    Test worker] com.facu.restfake.Parcial1MayaTests      : Starting Parcial1MayaTests using Java 17.0.8 with PID 9844 (started by Facundo in D:\UTN\3-Tercer año\Desarrollo de Software\Parcial-1-Maya-48997\Parcial-1-Maya-48997)
2023-10-11T17:59:21.906-03:00  INFO 9844 --- [    Test worker] com.facu.restfake.Parcial1MayaTests      : No active profile set, falling back to 1 default profile: "default"
2023-10-11T17:59:22.566-03:00  INFO 9844 --- [    Test worker] .s.d.r.c.RepositoryConfigurationDelegate : Bootstrapping Spring Data JPA repositories in DEFAULT mode.
2023-10-11T17:59:22.649-03:00  INFO 9844 --- [    Test worker] .s.d.r.c.RepositoryConfigurationDelegate : Finished Spring Data repository scanning in 75 ms. Found 5 JPA repository interfaces.
2023-10-11T17:59:23.010-03:00  INFO 9844 --- [    Test worker] o.hibernate.jpa.internal.util.LogHelper  : HHH000204: Processing PersistenceUnitInfo [name: default]
2023-10-11T17:59:23.069-03:00  INFO 9844 --- [    Test worker] org.hibernate.Version                    : HHH000412: Hibernate ORM core version 6.2.7.Final
2023-10-11T17:59:23.071-03:00  INFO 9844 --- [    Test worker] org.hibernate.cfg.Environment            : HHH000406: Using bytecode reflection optimizer
2023-10-11T17:59:23.212-03:00  INFO 9844 --- [    Test worker] o.h.b.i.BytecodeProviderInitiator        : HHH000021: Bytecode provider name : bytebuddy
2023-10-11T17:59:23.340-03:00  INFO 9844 --- [    Test worker] o.s.o.j.p.SpringPersistenceUnitInfo      : No LoadTimeWeaver setup: ignoring JPA class transformer
2023-10-11T17:59:23.362-03:00  INFO 9844 --- [    Test worker] com.zaxxer.hikari.HikariDataSource       : HikariPool-1 - Starting...
2023-10-11T17:59:23.516-03:00  INFO 9844 --- [    Test worker] com.zaxxer.hikari.pool.HikariPool        : HikariPool-1 - Added connection conn0: url=jdbc:h2:mem:./facudb user=SA
2023-10-11T17:59:23.518-03:00  INFO 9844 --- [    Test worker] com.zaxxer.hikari.HikariDataSource       : HikariPool-1 - Start completed.
2023-10-11T17:59:23.774-03:00  INFO 9844 --- [    Test worker] o.h.b.i.BytecodeProviderInitiator        : HHH000021: Bytecode provider name : bytebuddy
2023-10-11T17:59:24.353-03:00  INFO 9844 --- [    Test worker] o.h.e.t.j.p.i.JtaPlatformInitiator       : HHH000490: Using JtaPlatform implementation: [org.hibernate.engine.transaction.jta.platform.internal.NoJtaPlatform]
Hibernate: create table autor (id bigint generated by default as identity, apellido varchar(255), biografia varchar(255), nombre varchar(255), primary key (id))
Hibernate: create table domicilio (id bigint generated by default as identity, calle varchar(255), numero integer not null, localidad_id bigint, primary key (id))
Hibernate: create table libro (id bigint generated by default as identity, fecha integer not null, genero varchar(255), paginas integer not null, titulo varchar(255), persona_id bigint, primary key (id))
Hibernate: create table libro_autor (libro_id bigint not null, autor_id bigint not null)
Hibernate: create table localidad (id bigint generated by default as identity, denominacion varchar(255), primary key (id))
Hibernate: create table persona (id bigint generated by default as identity, apellido varchar(255), dni integer not null, nombre varchar(255), domicilio_id bigint, primary key (id))
Hibernate: alter table if exists persona drop constraint if exists UK_k2cp7qbfi780x0x5x0y42pnj6
Hibernate: alter table if exists persona add constraint UK_k2cp7qbfi780x0x5x0y42pnj6 unique (domicilio_id)
Hibernate: alter table if exists domicilio add constraint FK8t63gx4v022qapv45vdwld71j foreign key (localidad_id) references localidad
Hibernate: alter table if exists libro add constraint FKqga836umya972tksfj3ltojlg foreign key (persona_id) references persona
Hibernate: alter table if exists libro_autor add constraint FKjf2fhkw7ta2mvhhiugwd6k2tn foreign key (autor_id) references autor
Hibernate: alter table if exists libro_autor add constraint FKk7238iexfym9eoh3s1uof6a1s foreign key (libro_id) references libro
Hibernate: alter table if exists persona add constraint FKn3vkpx4b7w8srg10ohh1upive foreign key (domicilio_id) references domicilio
2023-10-11T17:59:24.414-03:00  INFO 9844 --- [    Test worker] j.LocalContainerEntityManagerFactoryBean : Initialized JPA EntityManagerFactory for persistence unit 'default'
2023-10-11T17:59:24.674-03:00  INFO 9844 --- [    Test worker] o.s.d.j.r.query.QueryEnhancerFactory     : Hibernate is in classpath; If applicable, HQL parser will be used.
2023-10-11T17:59:25.382-03:00  WARN 9844 --- [    Test worker] JpaBaseConfiguration$JpaWebConfiguration : spring.jpa.open-in-view is enabled by default. Therefore, database queries may be performed during view rendering. Explicitly configure spring.jpa.open-in-view to disable this warning
2023-10-11T17:59:25.742-03:00  INFO 9844 --- [    Test worker] o.s.b.a.h2.H2ConsoleAutoConfiguration    : H2 console available at '/h2-console'. Database available at 'jdbc:h2:mem:./facudb'
2023-10-11T17:59:25.790-03:00  INFO 9844 --- [    Test worker] com.facu.restfake.Parcial1MayaTests      : Started Parcial1MayaTests in 4.08 seconds (process running for 5.117)
]]></system-out>
  <system-err><![CDATA[]]></system-err>
</testsuite>
